<?xml version="1.0" encoding="UTF-8"?>
<testng-results ignored="0" total="2" passed="2" failed="0" skipped="0">
  <reporter-output>
  </reporter-output>
  <suite started-at="2026-04-07T12:26:22 CST" name="Suite my first tests login" finished-at="2026-04-07T12:26:34 CST" duration-ms="12002">
    <groups>
    </groups>
    <test started-at="2026-04-07T12:26:22 CST" name="Regresion Login" finished-at="2026-04-07T12:26:34 CST" duration-ms="12002">
      <class name="tests.errorlogin">
        <test-method signature="error()[pri:0, instance:tests.errorlogin@4fb61f4a]" started-at="2026-04-07T12:26:30 CST" name="error" finished-at="2026-04-07T12:26:34 CST" duration-ms="4170" status="PASS">
          <reporter-output>
          </reporter-output>
        </test-method> <!-- error -->
      </class> <!-- tests.errorlogin -->
      <class name="tests.IntroPom">
        <test-method signature="runner()[pri:0, instance:tests.IntroPom@4f18837a]" started-at="2026-04-07T12:26:22 CST" name="runner" finished-at="2026-04-07T12:26:30 CST" duration-ms="7801" status="PASS">
          <reporter-output>
          </reporter-output>
        </test-method> <!-- runner -->
      </class> <!-- tests.IntroPom -->
    </test> <!-- Regresion Login -->
  </suite> <!-- Suite my first tests login -->
</testng-results>
