<?xml version="1.0" encoding="UTF-8"?>
<testng-results ignored="0" total="2" passed="2" failed="0" skipped="0">
  <reporter-output>
  </reporter-output>
  <suite started-at="2026-04-07T16:14:22 CST" name="Suite my first tests login" finished-at="2026-04-07T16:14:30 CST" duration-ms="7634">
    <groups>
    </groups>
    <test started-at="2026-04-07T16:14:22 CST" name="Regresion Login" finished-at="2026-04-07T16:14:30 CST" duration-ms="7634">
      <class name="tests.errorlogin">
        <test-method signature="error()[pri:0, instance:tests.errorlogin@77888435]" started-at="2026-04-07T16:14:22 CST" name="error" finished-at="2026-04-07T16:14:28 CST" duration-ms="5493" status="PASS">
          <reporter-output>
          </reporter-output>
        </test-method> <!-- error -->
      </class> <!-- tests.errorlogin -->
      <class name="tests.IntroPom">
        <test-method signature="runner()[pri:0, instance:tests.IntroPom@55141def]" started-at="2026-04-07T16:14:22 CST" name="runner" finished-at="2026-04-07T16:14:30 CST" duration-ms="7596" status="PASS">
          <reporter-output>
          </reporter-output>
        </test-method> <!-- runner -->
      </class> <!-- tests.IntroPom -->
    </test> <!-- Regresion Login -->
  </suite> <!-- Suite my first tests login -->
</testng-results>
